<?xml version="1.0" encoding="UTF-8"?>
<testsuite name="com.dmdev.HibernateRunnerTest" tests="1" skipped="0" failures="0" errors="0" timestamp="2022-01-31T10:46:41" hostname="LAPTOP-DT1J2DT1" time="1.731">
  <properties/>
  <testcase name="oneToMany()" classname="com.dmdev.HibernateRunnerTest" time="1.731"/>
  <system-out><![CDATA[[13:46:41,231] INFO [org.hibernate.Version: 44] HHH000412: Hibernate ORM core version 5.6.5.Final
[13:46:41,701] INFO [Hibernate Types: 298] This framework is proudly powered by:

>>>>>>>>>>>>>>>>>>>>>>>>>>>>>>>>>>>>>>>>>>>>>>>>>>>>>>>>>>>>>>>>
 _    _                           _     _
| |  | |                         (_)   | |
| |__| |_   _ _ __   ___ _ __ ___ _ ___| |_ ___ _ __   ___ ___
|  __  | | | | '_ \ / _ \ '__/ __| / __| __/ _ \ '_ \ / __/ _ \
| |  | | |_| | |_) |  __/ |  \__ \ \__ \ ||  __/ | | | (_|  __/
|_|  |_|\__, | .__/ \___|_|  |___/_|___/\__\___|_| |_|\___\___|
         __/ | |
        |___/|_|

At Hypersistence, we only build amazing tools, like Hibernate Types, Flexy Pool, or Hypersistence Optimizer.

What if there were a tool that could automatically detect JPA and Hibernate performance issues?

Hypersistence Optimizer is that tool! For more details, go to: 

https://vladmihalcea.com/hypersistence-optimizer/
<<<<<<<<<<<<<<<<<<<<<<<<<<<<<<<<<<<<<<<<<<<<<<<<<<<<<<<<<<<<<<<<

[13:46:41,873] INFO [org.hibernate.annotations.common.Version: 56] HCANN000001: Hibernate Commons Annotations {5.1.2.Final}
[13:46:41,952] WARN [org.hibernate.orm.connections.pooling: 72] HHH10001002: Using Hibernate built-in connection pool (not for production use!)
[13:46:41,967] INFO [org.hibernate.orm.connections.pooling: 115] HHH10001005: using driver [org.postgresql.Driver] at URL [jdbc:postgresql://localhost:5433/postgres]
[13:46:41,967] INFO [org.hibernate.orm.connections.pooling: 124] HHH10001001: Connection properties: {password=****, user=postgres}
[13:46:41,967] INFO [org.hibernate.orm.connections.pooling: 129] HHH10001003: Autocommit mode: false
[13:46:41,967] INFO [org.hibernate.engine.jdbc.connections.internal.DriverManagerConnectionProviderImpl: 274] HHH000115: Hibernate connection pool size: 20 (min=1)
[13:46:42,114] INFO [org.hibernate.dialect.Dialect: 175] HHH000400: Using dialect: org.hibernate.dialect.PostgreSQL10Dialect
[13:46:42,704] INFO [org.hibernate.engine.transaction.jta.platform.internal.JtaPlatformInitiator: 52] HHH000490: Using JtaPlatform implementation: [org.hibernate.engine.transaction.jta.platform.internal.NoJtaPlatform]
Hibernate: 
    select
        company0_.id as id1_0_0_,
        company0_.name as name2_0_0_ 
    from
        company company0_ 
    where
        company0_.id=?

[13:46:42,810] INFO [org.hibernate.orm.connections.pooling: 502] HHH10001008: Cleaning up connection pool [jdbc:postgresql://localhost:5433/postgres]
]]></system-out>
  <system-err><![CDATA[]]></system-err>
</testsuite>
