<?xml version="1.0" encoding="UTF-8"?>
<testsuite name="com.dmdev.HibernateRunnerTest" tests="1" skipped="0" failures="0" errors="0" timestamp="2022-01-31T23:28:17" hostname="LAPTOP-DT1J2DT1" time="0.022">
  <properties/>
  <testcase name="abc()" classname="com.dmdev.HibernateRunnerTest" time="0.022"/>
  <system-out><![CDATA[dddd
]]></system-out>
  <system-err><![CDATA[]]></system-err>
</testsuite>
